0 info it worked if it ends with ok
1 verbose cli [ '/usr/local/Cellar/node/6.0.0/bin/node',
1 verbose cli   '/usr/local/bin/npm',
1 verbose cli   'run',
1 verbose cli   'build' ]
2 info using npm@3.8.6
3 info using node@v6.0.0
4 verbose config Skipping project config: /Users/meteor/.npmrc. (matches userconfig)
5 verbose stack Error: ENOENT: no such file or directory, open '/Users/meteor/package.json'
5 verbose stack     at Error (native)
6 verbose cwd /Users/meteor/go/src/github.com/MeteorKL/nes-online
7 error Darwin 16.7.0
8 error argv "/usr/local/Cellar/node/6.0.0/bin/node" "/usr/local/bin/npm" "run" "build"
9 error node v6.0.0
10 error npm  v3.8.6
11 error path /Users/meteor/package.json
12 error code ENOENT
13 error errno -2
14 error syscall open
15 error enoent ENOENT: no such file or directory, open '/Users/meteor/package.json'
16 error enoent ENOENT: no such file or directory, open '/Users/meteor/package.json'
16 error enoent This is most likely not a problem with npm itself
16 error enoent and is related to npm not being able to find a file.
17 verbose exit [ -2, true ]
